C51 COMPILER V9.60.7.0   MAIN                                                              11/12/2024 16:30:50 PAGE 1   


C51 COMPILER V9.60.7.0, COMPILATION OF MODULE MAIN
OBJECT MODULE PLACED IN .\Objects\main.obj
COMPILER INVOKED BY: C:\Keil_v5\C51\BIN\C51.EXE main.c OMF2 OPTIMIZE(8,SPEED) BROWSE DEBUG PRINT(.\Listings\main.lst) OB
                    -JECT(.\Objects\main.obj)

line level    source

   1          #include "stc15.h"
   2          #include "onewire.h"
   3          #include "ds1302.h"
   4          
   5          unsigned long temp = 0;
   6          unsigned long tempList[10] = {0,0,0,0,0,0,0,0,0,0};
   7          unsigned char index = 0;
   8          unsigned char flagSwitch = 0;
   9          code unsigned char SMG_NoDot[16] = {
  10          0xc0, //0
  11          0xf9, //1
  12          0xa4, //2
  13          0xb0, //3
  14          0x99, //4
  15          0x92, //5
  16          0x82, //6
  17          0xf8, //7
  18          0x80, //8
  19          0x90, //9
  20          0x88, //A
  21          0x83, //b
  22          0xc6, //C
  23          0xa1, //d
  24          0x86, //E
  25          0x8e //F
  26          };
  27          
  28          code unsigned char SMG_Dot[16] = {
  29          0x40, //0
  30          0x79, //1
  31          0x24, //2
  32          0x30, //3
  33          0x19, //4
  34          0x12, //5
  35          0x02, //6
  36          0x78, //7
  37          0x00, //8
  38          0x10, //9
  39          0x08, //A
  40          0x03, //b
  41          0x46, //C
  42          0x21, //d
  43          0x06, //E
  44          0x0e //F
  45          };
  46          
  47          sbit R1 = P3^0;
  48          sbit R2 = P3^1;
  49          sbit R3 = P3^2;
  50          sbit R4 = P3^3;
  51          
  52          code unsigned char DS1302_Write[7] = {0x80,0x82,0x84,0x86,0x88,0x8a,0x8c};
  53          code unsigned char DS1302_Read[7] = {0x81,0x83,0x85,0x87,0x89,0x8b,0x8d};
  54          unsigned char time[7] = {0x50,0x59,0x23,0x01,0x01,0x01,0x01};
C51 COMPILER V9.60.7.0   MAIN                                                              11/12/2024 16:30:50 PAGE 2   

  55          unsigned char timeMonitor = 0;
  56          unsigned char timeMonitorCount = 0;
  57          unsigned char countTen = 0;
  58          
  59          unsigned char spaceTime = 1,spaceTimeTemp = 1;
  60          
  61          unsigned char workingMode = 0;
  62          
  63          //定时器0使用
  64          unsigned char timer0Count = 0;
  65          
  66          //闪烁标志
  67          unsigned char smg_ = 0;
  68          
  69          unsigned char firstRun = 0;
  70          
  71          void delay(unsigned int n)
  72          {
  73   1              while(n--);
  74   1      }
  75          
  76          void InitTimer0()
  77          {
  78   1              TMOD = 0x01;
  79   1              TH0 = (65535 - 50000)/256;
  80   1              TL0 = (65535 - 50000)%256;
  81   1              EA = 1;
  82   1              ET0 = 1;
  83   1              TR0 = 1;
  84   1      }
  85          
  86          void Timer0() interrupt 1
  87          {
  88   1              TH0 = (65535 - 50000)/256;
  89   1              TL0 = (65535 - 50000)%256;
  90   1              timer0Count ++;
  91   1              if(timer0Count >= 10)
  92   1              {
  93   2                      timer0Count = 0;
  94   2                      if(smg_ == 0)
  95   2                      {
  96   3                              smg_ = 1;
  97   3                      }
  98   2                      else
  99   2                      {
 100   3                              smg_ = 0;
 101   3                      }
 102   2              }
 103   1              
 104   1      }
 105          void SelectHC573(unsigned char n)
 106          {
 107   1              switch(n)
 108   1              {
 109   2                      case 4:
 110   2                              P2 = (P2 & 0X1F)|0x80;
 111   2                      break;
 112   2                      case 5:
 113   2                              P2 = (P2 & 0X1F)|0XA0;
 114   2                      break;
 115   2                      case 6:
 116   2                              P2 = (P2 & 0X1F)|0XC0;
C51 COMPILER V9.60.7.0   MAIN                                                              11/12/2024 16:30:50 PAGE 3   

 117   2                      break;
 118   2                      case 7:
 119   2                              P2 = (P2 & 0X1F)|0XE0;
 120   2                      break;
 121   2              }
 122   1      }
 123          
 124          void InitDS1302()
 125          {
 126   1              unsigned char n = 0;
 127   1              Write_Ds1302_Byte(0x8e,0x00);//允许写入时钟
 128   1              for(n = 0;n<=7;n++)
 129   1              {
 130   2                      Write_Ds1302_Byte(DS1302_Write[n],time[n]);
 131   2              }
 132   1              Write_Ds1302_Byte(0x8e,0x80);//拒绝写入
 133   1      }
 134          
 135          void ReadDS1302()
 136          {
 137   1              unsigned char n = 0;
 138   1              for(n = 0;n <= 7;n++)
 139   1              {
 140   2                      time[n] = Read_Ds1302_Byte(DS1302_Read[n]);
 141   2              }
 142   1      }
 143          
 144          void smgDisplay(unsigned char m,unsigned char n)
 145          {
 146   1              SelectHC573(6);
 147   1              P0 = 0x01 << m;
 148   1              SelectHC573(7);
 149   1              P0 = n;
 150   1      }
 151          
 152          void ReadTemp()
 153          {
 154   1              unsigned char LSB,MSB;
 155   1              unsigned long t;
 156   1              init_ds18b20();
 157   1              Write_DS18B20(0xcc);
 158   1              Write_DS18B20(0x44);
 159   1              delay(6000);
 160   1              init_ds18b20();
 161   1              
 162   1              init_ds18b20();
 163   1              Write_DS18B20(0xcc);
 164   1              Write_DS18B20(0xBE);
 165   1              LSB = Read_DS18B20();
 166   1              MSB = Read_DS18B20();
 167   1              init_ds18b20();
 168   1              
 169   1              t = MSB;
 170   1              t = (t << 8) | LSB;
 171   1              if(!(MSB > 0x1f))
 172   1              {
 173   2                      t *= 625;
 174   2                      temp = t;
 175   2              }
 176   1      }
 177          
 178          void Display_timeSpace()
C51 COMPILER V9.60.7.0   MAIN                                                              11/12/2024 16:30:50 PAGE 4   

 179          {
 180   1              P0 = 0xff;
 181   1              smgDisplay(0,0xff);
 182   1              delay(500);
 183   1              
 184   1              P0 = 0xff;
 185   1              smgDisplay(1,0xff);
 186   1              delay(500);
 187   1              
 188   1              P0 = 0xff;
 189   1              smgDisplay(2,0xff);
 190   1              delay(500);
 191   1              
 192   1              P0 = 0xff;
 193   1              smgDisplay(3,0xff);
 194   1              delay(500);
 195   1              
 196   1              P0 = 0xff;
 197   1              smgDisplay(4,0xff);
 198   1              delay(500);
 199   1              
 200   1              P0 = 0xff;
 201   1              smgDisplay(5,0xbf);
 202   1              delay(500);
 203   1              
 204   1              P0 = 0xff;
 205   1              smgDisplay(6,SMG_NoDot[spaceTimeTemp/10]);
 206   1              delay(500);
 207   1              
 208   1              P0 = 0xff;
 209   1              smgDisplay(7,SMG_NoDot[spaceTimeTemp%10]);
 210   1              delay(500);
 211   1              
 212   1              P0 = 0xff;
 213   1              SelectHC573(6);
 214   1              P0 = 0xff;
 215   1              SelectHC573(7);
 216   1              P0 = 0xff;
 217   1      }
 218          
 219          void Display_time()
 220          {
 221   1              P0 = 0xff;
 222   1              smgDisplay(0,SMG_NoDot[time[2]/16]);
 223   1              delay(500);
 224   1              
 225   1              P0 = 0xff;
 226   1              smgDisplay(1,SMG_NoDot[time[2]%16]);
 227   1              delay(500);
 228   1              
 229   1              P0 = 0xff;
 230   1              if(smg_ )
 231   1                      smgDisplay(2,0xbf);
 232   1              else
 233   1                      smgDisplay(2,0xff);
 234   1              delay(500);
 235   1              
 236   1              P0 = 0xff;
 237   1              smgDisplay(3,SMG_NoDot[time[1]/16]);
 238   1              delay(500);
 239   1              
 240   1              P0 = 0xff;
C51 COMPILER V9.60.7.0   MAIN                                                              11/12/2024 16:30:50 PAGE 5   

 241   1              smgDisplay(4,SMG_NoDot[time[1]%16]);
 242   1              delay(500);
 243   1              
 244   1              P0 = 0xff;
 245   1              if(smg_ )
 246   1                      smgDisplay(5,0xbf);
 247   1              else
 248   1                      smgDisplay(5,0xff);
 249   1              delay(500);
 250   1              
 251   1              P0 = 0xff;
 252   1              smgDisplay(6,SMG_NoDot[time[0]/16]);
 253   1              delay(500);
 254   1              
 255   1              P0 = 0xff;
 256   1              smgDisplay(7,SMG_NoDot[time[0]%16]);
 257   1              delay(500);
 258   1              
 259   1              P0 = 0xff;
 260   1              SelectHC573(6);
 261   1              P0 = 0xff;
 262   1              SelectHC573(7);
 263   1              P0 = 0xff;
 264   1      }
 265          
 266          void Display_temp()
 267          {
 268   1              P0 = 0xff;
 269   1              smgDisplay(0,0xbf);
 270   1              delay(500);
 271   1              
 272   1              P0 = 0xff;
 273   1              smgDisplay(1,SMG_NoDot[0]);
 274   1              delay(500);
 275   1              
 276   1              P0 = 0xff;
 277   1              smgDisplay(2,SMG_NoDot[index]);
 278   1              delay(500);
 279   1              
 280   1              P0 = 0xff;
 281   1              smgDisplay(3,0xff);
 282   1              delay(500);
 283   1              
 284   1              P0 = 0xff;
 285   1              smgDisplay(4,0xff);
 286   1              delay(500);
 287   1              
 288   1              P0 = 0xff;
 289   1              smgDisplay(5,0xbf);
 290   1              delay(500);
 291   1              
 292   1              P0 = 0xff;
 293   1              smgDisplay(6,SMG_NoDot[tempList[index]/100000%10]);
 294   1              delay(500);
 295   1              
 296   1              P0 = 0xff;
 297   1              smgDisplay(7,SMG_NoDot[tempList[index]/10000%10]);
 298   1              delay(500);
 299   1              
 300   1              P0 = 0xff;
 301   1              SelectHC573(6);
 302   1              P0 = 0xff;
C51 COMPILER V9.60.7.0   MAIN                                                              11/12/2024 16:30:50 PAGE 6   

 303   1              SelectHC573(7);
 304   1              P0 = 0xff;
 305   1      }
 306          
 307          void buttonMode1()
 308          {
 309   1              
 310   1              if(R4 == 0)
 311   1              {
 312   2                      while(R4 == 0)
 313   2                      {
 314   3                              Display_timeSpace();
 315   3                      }
 316   2                      
 317   2                      if(spaceTimeTemp == 1)
 318   2                      {
 319   3                              spaceTimeTemp = 5;
 320   3                      }
 321   2                      else if(spaceTimeTemp ==5)
 322   2                      {
 323   3                              spaceTimeTemp = 30;
 324   3                      }
 325   2                      else if(spaceTimeTemp == 30)
 326   2                      {
 327   3                              spaceTimeTemp = 60;
 328   3                      }
 329   2                      else 
 330   2                      {
 331   3                              spaceTimeTemp = 1;
 332   3                      }
 333   2              }
 334   1              
 335   1              if(R3 == 0)
 336   1              {
 337   2                      while(R3 == 0)
 338   2                      {
 339   3                              Display_timeSpace();
 340   3                      }
 341   2                      spaceTime = spaceTimeTemp;
 342   2                      workingMode = 1;
 343   2              }
 344   1      }
 345          
 346          void buttonMode2()
 347          {
 348   1              unsigned char i;
 349   1              if(R2 == 0)
 350   1              {
 351   2                      while(R2 == 0)
 352   2                      {
 353   3                              Display_temp();
 354   3                      }
 355   2                      if(flagSwitch == 0)
 356   2                      {
 357   3                              flagSwitch = 1;
 358   3                      }
 359   2                      else
 360   2                      {
 361   3                              index++;
 362   3                              if(index >= 10)
 363   3                              {
 364   4                                      index = 0;
C51 COMPILER V9.60.7.0   MAIN                                                              11/12/2024 16:30:50 PAGE 7   

 365   4                              }
 366   3                      }
 367   2              }
 368   1              if(R1 == 0)
 369   1              {
 370   2                      while(R1 == 0)
 371   2                      {
 372   3                              Display_temp();
 373   3                      }
 374   2                      workingMode = 0;
 375   2                      for(i = 0;i<10;i++)
 376   2                      {
 377   3                              tempList[i] = 0;
 378   3                      }
 379   2                      index = 0;
 380   2                      flagSwitch = 0;
 381   2                      timeMonitor = 0;
 382   2                      timeMonitorCount = 0;
 383   2                      countTen = 0;
 384   2                      spaceTime = 1,spaceTimeTemp = 1;
 385   2              }
 386   1      }
 387          
 388          void TimeChangeMonitor()
 389          {
 390   1              if(timeMonitor != time[0])
 391   1              {
 392   2                      timeMonitor = time[0];
 393   2                      timeMonitorCount ++;
 394   2              }
 395   1      }
 396          
 397          void InitSystem()
 398          {
 399   1              SelectHC573(4);
 400   1              P0 = 0xff;
 401   1              SelectHC573(5);
 402   1              P0 = 0x00;
 403   1              timeMonitor = time[0];
 404   1              InitTimer0();
 405   1      }
 406          
 407          void main()
 408          {
 409   1              unsigned char memory;
 410   1              InitSystem();
 411   1              while(1)
 412   1              {
 413   2                      if(workingMode == 0)
 414   2                      {
 415   3                              buttonMode1();
 416   3                              Display_timeSpace();
 417   3                      }
 418   2                      else if(workingMode == 1)
 419   2                      {
 420   3                              if(firstRun == 0)
 421   3                              {
 422   4                                      InitDS1302();
 423   4                                      firstRun = 1;
 424   4                              }
 425   3      
 426   3                              if(countTen >= 10)
C51 COMPILER V9.60.7.0   MAIN                                                              11/12/2024 16:30:50 PAGE 8   

 427   3                              {
 428   4                                      //亮灯
 429   4                                      if(smg_ && flagSwitch == 0)
 430   4                                      {
 431   5                                              memory = P2;
 432   5                                              SelectHC573(4);
 433   5                                              P0 = P0 & 0xfe;
 434   5                                              P2 = memory;
 435   5                                      }
 436   4                                      else
 437   4                                      {
 438   5                                              memory = P2;
 439   5                                              SelectHC573(4);
 440   5                                              P0 = (P0 & 0xfe)|0x01;
 441   5                                              P2 = memory;
 442   5                                      }
 443   4                                      Display_temp();
 444   4                                      buttonMode2();
 445   4                              }
 446   3                              else
 447   3                              {
 448   4                                      if(timeMonitorCount >= spaceTime)
 449   4                                      {
 450   5                                              timeMonitorCount = 0;
 451   5                                              //存储温度
 452   5                                              tempList[countTen] = temp;
 453   5                                              countTen ++;
 454   5                                      }
 455   4                                      else
 456   4                                      {
 457   5                                              TimeChangeMonitor();
 458   5                                      }
 459   4                                      Display_time();
 460   4                                      ReadDS1302();
 461   4                                      ReadTemp();
 462   4                              }
 463   3                      }
 464   2              }
 465   1      }


MODULE INFORMATION:   STATIC OVERLAYABLE
   CODE SIZE        =   1094    ----
   CONSTANT SIZE    =     46    ----
   XDATA SIZE       =   ----    ----
   PDATA SIZE       =   ----    ----
   DATA SIZE        =     62       9
   IDATA SIZE       =   ----    ----
   BIT SIZE         =   ----    ----
   EDATA SIZE       =   ----    ----
   HDATA SIZE       =   ----    ----
   XDATA CONST SIZE =   ----    ----
   FAR CONST SIZE   =   ----    ----
END OF MODULE INFORMATION.


C51 COMPILATION COMPLETE.  0 WARNING(S),  0 ERROR(S)
